# JRE version: Java(TM) SE Runtime Environment (8.0_181-b13) (build 1.8.0_181-b13)
# Java VM: Java HotSpot(TM) 64-Bit Server VM (25.181-b13 mixed mode windows-amd64 compressed oops)
Heap:
 PSYoungGen      total 359424K, used 82557K [0x00000000d5d80000, 0x00000000eed80000, 0x0000000100000000)
  eden space 334848K, 24% used [0x00000000d5d80000,0x00000000dae1f790,0x00000000ea480000)
  from space 24576K, 0% used [0x00000000ec280000,0x00000000ec280000,0x00000000eda80000)
  to   space 30720K, 0% used [0x00000000ea480000,0x00000000ea480000,0x00000000ec280000)
 ParOldGen       total 89600K, used 61319K [0x0000000081800000, 0x0000000086f80000, 0x00000000d5d80000)
  object space 89600K, 68% used [0x0000000081800000,0x00000000853e1d48,0x0000000086f80000)
 Metaspace       used 36596K, capacity 37494K, committed 37680K, reserved 1083392K
  class space    used 4328K, capacity 4612K, committed 4656K, reserved 1048576K
GC Heap History (10 events):
Event: 5.730 GC heap before
{Heap before GC invocations=8 (full 0):
 PSYoungGen      total 148992K, used 21734K [0x00000000d5d80000, 0x00000000e8a80000, 0x0000000100000000)
  eden space 132608K, 4% used [0x00000000d5d80000,0x00000000d62bda38,0x00000000ddf00000)
  from space 16384K, 99% used [0x00000000ddf00000,0x00000000deefc010,0x00000000def00000)
  to   space 21504K, 0% used [0x00000000e7580000,0x00000000e7580000,0x00000000e8a80000)
 ParOldGen       total 87552K, used 26316K [0x0000000081800000, 0x0000000086d80000, 0x00000000d5d80000)
  object space 87552K, 30% used [0x0000000081800000,0x00000000831b30c8,0x0000000086d80000)
 Metaspace       used 20746K, capacity 21158K, committed 21296K, reserved 1069056K
  class space    used 2453K, capacity 2579K, committed 2608K, reserved 1048576K
Event: 5.749 GC heap after
Heap after GC invocations=8 (full 0):
 PSYoungGen      total 286208K, used 15030K [0x00000000d5d80000, 0x00000000e8b80000, 0x0000000100000000)
  eden space 264704K, 0% used [0x00000000d5d80000,0x00000000d5d80000,0x00000000e6000000)
  from space 21504K, 69% used [0x00000000e7580000,0x00000000e842dbc0,0x00000000e8a80000)
  to   space 22016K, 0% used [0x00000000e6000000,0x00000000e6000000,0x00000000e7580000)
 ParOldGen       total 87552K, used 28478K [0x0000000081800000, 0x0000000086d80000, 0x00000000d5d80000)
  object space 87552K, 32% used [0x0000000081800000,0x00000000833cf908,0x0000000086d80000)
 Metaspace       used 20746K, capacity 21158K, committed 21296K, reserved 1069056K
  class space    used 2453K, capacity 2579K, committed 2608K, reserved 1048576K
}
Event: 5.749 GC heap before
{Heap before GC invocations=9 (full 1):
 PSYoungGen      total 286208K, used 15030K [0x00000000d5d80000, 0x00000000e8b80000, 0x0000000100000000)
  eden space 264704K, 0% used [0x00000000d5d80000,0x00000000d5d80000,0x00000000e6000000)
  from space 21504K, 69% used [0x00000000e7580000,0x00000000e842dbc0,0x00000000e8a80000)
  to   space 22016K, 0% used [0x00000000e6000000,0x00000000e6000000,0x00000000e7580000)
 ParOldGen       total 87552K, used 28478K [0x0000000081800000, 0x0000000086d80000, 0x00000000d5d80000)
  object space 87552K, 32% used [0x0000000081800000,0x00000000833cf908,0x0000000086d80000)
 Metaspace       used 20746K, capacity 21158K, committed 21296K, reserved 1069056K
  class space    used 2453K, capacity 2579K, committed 2608K, reserved 1048576K
Event: 5.863 GC heap after
Heap after GC invocations=9 (full 1):
 PSYoungGen      total 286208K, used 0K [0x00000000d5d80000, 0x00000000e8b80000, 0x0000000100000000)
  eden space 264704K, 0% used [0x00000000d5d80000,0x00000000d5d80000,0x00000000e6000000)
  from space 21504K, 0% used [0x00000000e7580000,0x00000000e7580000,0x00000000e8a80000)
  to   space 22016K, 0% used [0x00000000e6000000,0x00000000e6000000,0x00000000e7580000)
 ParOldGen       total 89600K, used 30003K [0x0000000081800000, 0x0000000086f80000, 0x00000000d5d80000)
  object space 89600K, 33% used [0x0000000081800000,0x000000008354ceb8,0x0000000086f80000)
 Metaspace       used 20746K, capacity 21158K, committed 21296K, reserved 1069056K
  class space    used 2453K, capacity 2579K, committed 2608K, reserved 1048576K
}
Event: 11.601 GC heap before
{Heap before GC invocations=10 (full 1):
 PSYoungGen      total 286208K, used 264704K [0x00000000d5d80000, 0x00000000e8b80000, 0x0000000100000000)
  eden space 264704K, 100% used [0x00000000d5d80000,0x00000000e6000000,0x00000000e6000000)
  from space 21504K, 0% used [0x00000000e7580000,0x00000000e7580000,0x00000000e8a80000)
  to   space 22016K, 0% used [0x00000000e6000000,0x00000000e6000000,0x00000000e7580000)
 ParOldGen       total 89600K, used 30003K [0x0000000081800000, 0x0000000086f80000, 0x00000000d5d80000)
  object space 89600K, 33% used [0x0000000081800000,0x000000008354ceb8,0x0000000086f80000)
 Metaspace       used 30414K, capacity 31158K, committed 31536K, reserved 1077248K
  class space    used 3586K, capacity 3825K, committed 3888K, reserved 1048576K
Event: 11.626 GC heap after
Heap after GC invocations=10 (full 1):
 PSYoungGen      total 286720K, used 21387K [0x00000000d5d80000, 0x00000000eda80000, 0x0000000100000000)
  eden space 264704K, 0% used [0x00000000d5d80000,0x00000000d5d80000,0x00000000e6000000)
  from space 22016K, 97% used [0x00000000e6000000,0x00000000e74e2d78,0x00000000e7580000)
  to   space 24576K, 0% used [0x00000000ec280000,0x00000000ec280000,0x00000000eda80000)
 ParOldGen       total 89600K, used 30011K [0x0000000081800000, 0x0000000086f80000, 0x00000000d5d80000)
  object space 89600K, 33% used [0x0000000081800000,0x000000008354eeb8,0x0000000086f80000)
 Metaspace       used 30414K, capacity 31158K, committed 31536K, reserved 1077248K
  class space    used 3586K, capacity 3825K, committed 3888K, reserved 1048576K
}
Event: 12.980 GC heap before
{Heap before GC invocations=11 (full 1):
 PSYoungGen      total 286720K, used 155659K [0x00000000d5d80000, 0x00000000eda80000, 0x0000000100000000)
  eden space 264704K, 50% used [0x00000000d5d80000,0x00000000de09ff48,0x00000000e6000000)
  from space 22016K, 97% used [0x00000000e6000000,0x00000000e74e2d78,0x00000000e7580000)
  to   space 24576K, 0% used [0x00000000ec280000,0x00000000ec280000,0x00000000eda80000)
 ParOldGen       total 89600K, used 30011K [0x0000000081800000, 0x0000000086f80000, 0x00000000d5d80000)
  object space 89600K, 33% used [0x0000000081800000,0x000000008354eeb8,0x0000000086f80000)
 Metaspace       used 34576K, capacity 35306K, committed 35496K, reserved 1081344K
  class space    used 4123K, capacity 4377K, committed 4400K, reserved 1048576K
Event: 13.025 GC heap after
Heap after GC invocations=11 (full 1):
 PSYoungGen      total 359424K, used 24571K [0x00000000d5d80000, 0x00000000eed80000, 0x0000000100000000)
  eden space 334848K, 0% used [0x00000000d5d80000,0x00000000d5d80000,0x00000000ea480000)
  from space 24576K, 99% used [0x00000000ec280000,0x00000000eda7ee80,0x00000000eda80000)
  to   space 30720K, 0% used [0x00000000ea480000,0x00000000ea480000,0x00000000ec280000)
 ParOldGen       total 89600K, used 37636K [0x0000000081800000, 0x0000000086f80000, 0x00000000d5d80000)
  object space 89600K, 42% used [0x0000000081800000,0x0000000083cc1338,0x0000000086f80000)
 Metaspace       used 34576K, capacity 35306K, committed 35496K, reserved 1081344K
  class space    used 4123K, capacity 4377K, committed 4400K, reserved 1048576K
}
Event: 13.025 GC heap before
{Heap before GC invocations=12 (full 2):
 PSYoungGen      total 359424K, used 24571K [0x00000000d5d80000, 0x00000000eed80000, 0x0000000100000000)
  eden space 334848K, 0% used [0x00000000d5d80000,0x00000000d5d80000,0x00000000ea480000)
  from space 24576K, 99% used [0x00000000ec280000,0x00000000eda7ee80,0x00000000eda80000)
  to   space 30720K, 0% used [0x00000000ea480000,0x00000000ea480000,0x00000000ec280000)
 ParOldGen       total 89600K, used 37636K [0x0000000081800000, 0x0000000086f80000, 0x00000000d5d80000)
  object space 89600K, 42% used [0x0000000081800000,0x0000000083cc1338,0x0000000086f80000)
 Metaspace       used 34576K, capacity 35306K, committed 35496K, reserved 1081344K
  class space    used 4123K, capacity 4377K, committed 4400K, reserved 1048576K
Event: 13.296 GC heap after
Heap after GC invocations=12 (full 2):
 PSYoungGen      total 359424K, used 0K [0x00000000d5d80000, 0x00000000eed80000, 0x0000000100000000)
  eden space 334848K, 0% used [0x00000000d5d80000,0x00000000d5d80000,0x00000000ea480000)
  from space 24576K, 0% used [0x00000000ec280000,0x00000000ec280000,0x00000000eda80000)
  to   space 30720K, 0% used [0x00000000ea480000,0x00000000ea480000,0x00000000ec280000)
 ParOldGen       total 89600K, used 61319K [0x0000000081800000, 0x0000000086f80000, 0x00000000d5d80000)
  object space 89600K, 68% used [0x0000000081800000,0x00000000853e1d48,0x0000000086f80000)
 Metaspace       used 34573K, capacity 35300K, committed 35496K, reserved 1081344K
  class space    used 4122K, capacity 4375K, committed 4400K, reserved 1048576K
}

