# JRE version: Java(TM) SE Runtime Environment (8.0_181-b13) (build 1.8.0_181-b13)
# Java VM: Java HotSpot(TM) 64-Bit Server VM (25.181-b13 mixed mode windows-amd64 compressed oops)
Heap:
 PSYoungGen      total 262144K, used 203372K [0x00000000d5d80000, 0x00000000e8500000, 0x0000000100000000)
  eden space 240128K, 75% used [0x00000000d5d80000,0x00000000e0ea0cb8,0x00000000e4800000)
  from space 22016K, 99% used [0x00000000e5a80000,0x00000000e6ffa418,0x00000000e7000000)
  to   space 21504K, 0% used [0x00000000e7000000,0x00000000e7000000,0x00000000e8500000)
 ParOldGen       total 90112K, used 45071K [0x0000000081800000, 0x0000000087000000, 0x00000000d5d80000)
  object space 90112K, 50% used [0x0000000081800000,0x0000000084403f90,0x0000000087000000)
 Metaspace       used 27376K, capacity 28156K, committed 28208K, reserved 1075200K
  class space    used 3154K, capacity 3346K, committed 3376K, reserved 1048576K
GC Heap History (10 events):
Event: 3.548 GC heap before
{Heap before GC invocations=6 (full 0):
 PSYoungGen      total 71680K, used 71656K [0x00000000d5d80000, 0x00000000dfe80000, 0x0000000100000000)
  eden space 66560K, 100% used [0x00000000d5d80000,0x00000000d9e80000,0x00000000d9e80000)
  from space 5120K, 99% used [0x00000000d9e80000,0x00000000da37a020,0x00000000da380000)
  to   space 15872K, 0% used [0x00000000def00000,0x00000000def00000,0x00000000dfe80000)
 ParOldGen       total 87552K, used 21094K [0x0000000081800000, 0x0000000086d80000, 0x00000000d5d80000)
  object space 87552K, 24% used [0x0000000081800000,0x0000000082c99970,0x0000000086d80000)
 Metaspace       used 16403K, capacity 16750K, committed 16896K, reserved 1064960K
  class space    used 1939K, capacity 2047K, committed 2048K, reserved 1048576K
Event: 3.565 GC heap after
Heap after GC invocations=6 (full 0):
 PSYoungGen      total 148480K, used 12354K [0x00000000d5d80000, 0x00000000dff80000, 0x0000000100000000)
  eden space 132608K, 0% used [0x00000000d5d80000,0x00000000d5d80000,0x00000000ddf00000)
  from space 15872K, 77% used [0x00000000def00000,0x00000000dfb108b0,0x00000000dfe80000)
  to   space 16384K, 0% used [0x00000000ddf00000,0x00000000ddf00000,0x00000000def00000)
 ParOldGen       total 87552K, used 21102K [0x0000000081800000, 0x0000000086d80000, 0x00000000d5d80000)
  object space 87552K, 24% used [0x0000000081800000,0x0000000082c9b970,0x0000000086d80000)
 Metaspace       used 16403K, capacity 16750K, committed 16896K, reserved 1064960K
  class space    used 1939K, capacity 2047K, committed 2048K, reserved 1048576K
}
Event: 5.042 GC heap before
{Heap before GC invocations=7 (full 0):
 PSYoungGen      total 148480K, used 115068K [0x00000000d5d80000, 0x00000000dff80000, 0x0000000100000000)
  eden space 132608K, 77% used [0x00000000d5d80000,0x00000000dc1ceb20,0x00000000ddf00000)
  from space 15872K, 77% used [0x00000000def00000,0x00000000dfb108b0,0x00000000dfe80000)
  to   space 16384K, 0% used [0x00000000ddf00000,0x00000000ddf00000,0x00000000def00000)
 ParOldGen       total 87552K, used 21102K [0x0000000081800000, 0x0000000086d80000, 0x00000000d5d80000)
  object space 87552K, 24% used [0x0000000081800000,0x0000000082c9b970,0x0000000086d80000)
 Metaspace       used 20756K, capacity 21176K, committed 21296K, reserved 1069056K
  class space    used 2477K, capacity 2586K, committed 2608K, reserved 1048576K
Event: 5.070 GC heap after
Heap after GC invocations=7 (full 0):
 PSYoungGen      total 148992K, used 16383K [0x00000000d5d80000, 0x00000000e8880000, 0x0000000100000000)
  eden space 132608K, 0% used [0x00000000d5d80000,0x00000000d5d80000,0x00000000ddf00000)
  from space 16384K, 99% used [0x00000000ddf00000,0x00000000deeffc40,0x00000000def00000)
  to   space 20480K, 0% used [0x00000000e7480000,0x00000000e7480000,0x00000000e8880000)
 ParOldGen       total 87552K, used 24304K [0x0000000081800000, 0x0000000086d80000, 0x00000000d5d80000)
  object space 87552K, 27% used [0x0000000081800000,0x0000000082fbc260,0x0000000086d80000)
 Metaspace       used 20756K, capacity 21176K, committed 21296K, reserved 1069056K
  class space    used 2477K, capacity 2586K, committed 2608K, reserved 1048576K
}
Event: 5.070 GC heap before
{Heap before GC invocations=8 (full 1):
 PSYoungGen      total 148992K, used 16383K [0x00000000d5d80000, 0x00000000e8880000, 0x0000000100000000)
  eden space 132608K, 0% used [0x00000000d5d80000,0x00000000d5d80000,0x00000000ddf00000)
  from space 16384K, 99% used [0x00000000ddf00000,0x00000000deeffc40,0x00000000def00000)
  to   space 20480K, 0% used [0x00000000e7480000,0x00000000e7480000,0x00000000e8880000)
 ParOldGen       total 87552K, used 24304K [0x0000000081800000, 0x0000000086d80000, 0x00000000d5d80000)
  object space 87552K, 27% used [0x0000000081800000,0x0000000082fbc260,0x0000000086d80000)
 Metaspace       used 20756K, capacity 21176K, committed 21296K, reserved 1069056K
  class space    used 2477K, capacity 2586K, committed 2608K, reserved 1048576K
Event: 5.185 GC heap after
Heap after GC invocations=8 (full 1):
 PSYoungGen      total 148992K, used 0K [0x00000000d5d80000, 0x00000000e8880000, 0x0000000100000000)
  eden space 132608K, 0% used [0x00000000d5d80000,0x00000000d5d80000,0x00000000ddf00000)
  from space 16384K, 0% used [0x00000000ddf00000,0x00000000ddf00000,0x00000000def00000)
  to   space 20480K, 0% used [0x00000000e7480000,0x00000000e7480000,0x00000000e8880000)
 ParOldGen       total 90112K, used 30038K [0x0000000081800000, 0x0000000087000000, 0x00000000d5d80000)
  object space 90112K, 33% used [0x0000000081800000,0x0000000083555af8,0x0000000087000000)
 Metaspace       used 20756K, capacity 21176K, committed 21296K, reserved 1069056K
  class space    used 2477K, capacity 2586K, committed 2608K, reserved 1048576K
}
Event: 7.500 GC heap before
{Heap before GC invocations=9 (full 1):
 PSYoungGen      total 148992K, used 132608K [0x00000000d5d80000, 0x00000000e8880000, 0x0000000100000000)
  eden space 132608K, 100% used [0x00000000d5d80000,0x00000000ddf00000,0x00000000ddf00000)
  from space 16384K, 0% used [0x00000000ddf00000,0x00000000ddf00000,0x00000000def00000)
  to   space 20480K, 0% used [0x00000000e7480000,0x00000000e7480000,0x00000000e8880000)
 ParOldGen       total 90112K, used 30038K [0x0000000081800000, 0x0000000087000000, 0x00000000d5d80000)
  object space 90112K, 33% used [0x0000000081800000,0x0000000083555af8,0x0000000087000000)
 Metaspace       used 24266K, capacity 24844K, committed 25008K, reserved 1071104K
  class space    used 2844K, capacity 2953K, committed 2992K, reserved 1048576K
Event: 7.515 GC heap after
Heap after GC invocations=9 (full 1):
 PSYoungGen      total 209408K, used 17020K [0x00000000d5d80000, 0x00000000e8580000, 0x0000000100000000)
  eden space 192000K, 0% used [0x00000000d5d80000,0x00000000d5d80000,0x00000000e1900000)
  from space 17408K, 97% used [0x00000000e7480000,0x00000000e851f1f0,0x00000000e8580000)
  to   space 22016K, 0% used [0x00000000e5a80000,0x00000000e5a80000,0x00000000e7000000)
 ParOldGen       total 90112K, used 30046K [0x0000000081800000, 0x0000000087000000, 0x00000000d5d80000)
  object space 90112K, 33% used [0x0000000081800000,0x0000000083557af8,0x0000000087000000)
 Metaspace       used 24266K, capacity 24844K, committed 25008K, reserved 1071104K
  class space    used 2844K, capacity 2953K, committed 2992K, reserved 1048576K
}
Event: 10.256 GC heap before
{Heap before GC invocations=10 (full 1):
 PSYoungGen      total 209408K, used 209020K [0x00000000d5d80000, 0x00000000e8580000, 0x0000000100000000)
  eden space 192000K, 100% used [0x00000000d5d80000,0x00000000e1900000,0x00000000e1900000)
  from space 17408K, 97% used [0x00000000e7480000,0x00000000e851f1f0,0x00000000e8580000)
  to   space 22016K, 0% used [0x00000000e5a80000,0x00000000e5a80000,0x00000000e7000000)
 ParOldGen       total 90112K, used 30046K [0x0000000081800000, 0x0000000087000000, 0x00000000d5d80000)
  object space 90112K, 33% used [0x0000000081800000,0x0000000083557af8,0x0000000087000000)
 Metaspace       used 25734K, capacity 26364K, committed 26544K, reserved 1073152K
  class space    used 2974K, capacity 3154K, committed 3248K, reserved 1048576K
Event: 10.282 GC heap after
Heap after GC invocations=10 (full 1):
 PSYoungGen      total 262144K, used 21993K [0x00000000d5d80000, 0x00000000e8500000, 0x0000000100000000)
  eden space 240128K, 0% used [0x00000000d5d80000,0x00000000d5d80000,0x00000000e4800000)
  from space 22016K, 99% used [0x00000000e5a80000,0x00000000e6ffa418,0x00000000e7000000)
  to   space 21504K, 0% used [0x00000000e7000000,0x00000000e7000000,0x00000000e8500000)
 ParOldGen       total 90112K, used 45071K [0x0000000081800000, 0x0000000087000000, 0x00000000d5d80000)
  object space 90112K, 50% used [0x0000000081800000,0x0000000084403f90,0x0000000087000000)
 Metaspace       used 25734K, capacity 26364K, committed 26544K, reserved 1073152K
  class space    used 2974K, capacity 3154K, committed 3248K, reserved 1048576K
}

